Determining if the pthread_create exist failed with the following output:
Change Dir: /home/xi/LeveldbFinalDemo/cmake-build-debug/CMakeFiles/CMakeTmp

Run Build Command:"/usr/bin/make" "cmTC_c617c/fast"
/usr/bin/make -f CMakeFiles/cmTC_c617c.dir/build.make CMakeFiles/cmTC_c617c.dir/build
make[1]: Entering directory '/home/xi/LeveldbFinalDemo/cmake-build-debug/CMakeFiles/CMakeTmp'
Building C object CMakeFiles/cmTC_c617c.dir/CheckSymbolExists.c.o
/usr/bin/cc    -o CMakeFiles/cmTC_c617c.dir/CheckSymbolExists.c.o   -c /home/xi/LeveldbFinalDemo/cmake-build-debug/CMakeFiles/CMakeTmp/CheckSymbolExists.c
Linking C executable cmTC_c617c
/home/xi/Downloads/clion-2018.1.3/bin/cmake/bin/cmake -E cmake_link_script CMakeFiles/cmTC_c617c.dir/link.txt --verbose=1
/usr/bin/cc      CMakeFiles/cmTC_c617c.dir/CheckSymbolExists.c.o  -o cmTC_c617c 
CMakeFiles/cmTC_c617c.dir/CheckSymbolExists.c.o: In function `main':
CheckSymbolExists.c:(.text+0x16): undefined reference to `pthread_create'
collect2: error: ld returned 1 exit status
CMakeFiles/cmTC_c617c.dir/build.make:97: recipe for target 'cmTC_c617c' failed
make[1]: *** [cmTC_c617c] Error 1
make[1]: Leaving directory '/home/xi/LeveldbFinalDemo/cmake-build-debug/CMakeFiles/CMakeTmp'
Makefile:126: recipe for target 'cmTC_c617c/fast' failed
make: *** [cmTC_c617c/fast] Error 2

File /home/xi/LeveldbFinalDemo/cmake-build-debug/CMakeFiles/CMakeTmp/CheckSymbolExists.c:
/* */
#include <pthread.h>

int main(int argc, char** argv)
{
  (void)argv;
#ifndef pthread_create
  return ((int*)(&pthread_create))[argc];
#else
  (void)argc;
  return 0;
#endif
}

Determining if the function pthread_create exists in the pthreads failed with the following output:
Change Dir: /home/xi/LeveldbFinalDemo/cmake-build-debug/CMakeFiles/CMakeTmp

Run Build Command:"/usr/bin/make" "cmTC_94038/fast"
/usr/bin/make -f CMakeFiles/cmTC_94038.dir/build.make CMakeFiles/cmTC_94038.dir/build
make[1]: Entering directory '/home/xi/LeveldbFinalDemo/cmake-build-debug/CMakeFiles/CMakeTmp'
Building C object CMakeFiles/cmTC_94038.dir/CheckFunctionExists.c.o
/usr/bin/cc   -DCHECK_FUNCTION_EXISTS=pthread_create   -o CMakeFiles/cmTC_94038.dir/CheckFunctionExists.c.o   -c /home/xi/Downloads/clion-2018.1.3/bin/cmake/share/cmake-3.10/Modules/CheckFunctionExists.c
Linking C executable cmTC_94038
/home/xi/Downloads/clion-2018.1.3/bin/cmake/bin/cmake -E cmake_link_script CMakeFiles/cmTC_94038.dir/link.txt --verbose=1
/usr/bin/cc  -DCHECK_FUNCTION_EXISTS=pthread_create    CMakeFiles/cmTC_94038.dir/CheckFunctionExists.c.o  -o cmTC_94038 -lpthreads 
/usr/bin/ld: cannot find -lpthreads
collect2: error: ld returned 1 exit status
CMakeFiles/cmTC_94038.dir/build.make:97: recipe for target 'cmTC_94038' failed
make[1]: *** [cmTC_94038] Error 1
make[1]: Leaving directory '/home/xi/LeveldbFinalDemo/cmake-build-debug/CMakeFiles/CMakeTmp'
Makefile:126: recipe for target 'cmTC_94038/fast' failed
make: *** [cmTC_94038/fast] Error 2


